# JRE version: Java(TM) SE Runtime Environment (8.0_131-b11) (build 1.8.0_131-b11)
# Java VM: Java HotSpot(TM) 64-Bit Server VM (25.131-b11 mixed mode windows-amd64 compressed oops)
Heap:
 PSYoungGen      total 137728K, used 17142K [0x00000000f5580000, 0x00000000fef80000, 0x0000000100000000)
  eden space 121856K, 3% used [0x00000000f5580000,0x00000000f5971768,0x00000000fcc80000)
  from space 15872K, 82% used [0x00000000fde80000,0x00000000feb4c310,0x00000000fee00000)
  to   space 17920K, 0% used [0x00000000fcc80000,0x00000000fcc80000,0x00000000fde00000)
 ParOldGen       total 83968K, used 57176K [0x00000000e0000000, 0x00000000e5200000, 0x00000000f5580000)
  object space 83968K, 68% used [0x00000000e0000000,0x00000000e37d6360,0x00000000e5200000)
 Metaspace       used 26482K, capacity 26690K, committed 27008K, reserved 1073152K
  class space    used 3133K, capacity 3196K, committed 3200K, reserved 1048576K
GC Heap History (10 events):
Event: 28.173 GC heap before
{Heap before GC invocations=23 (full 3):
 PSYoungGen      total 96768K, used 128K [0x00000000f5580000, 0x00000000fc480000, 0x0000000100000000)
  eden space 80896K, 0% used [0x00000000f5580000,0x00000000f5580000,0x00000000fa480000)
  from space 15872K, 0% used [0x00000000fb500000,0x00000000fb520000,0x00000000fc480000)
  to   space 16384K, 0% used [0x00000000fa480000,0x00000000fa480000,0x00000000fb480000)
 ParOldGen       total 62976K, used 54960K [0x00000000e0000000, 0x00000000e3d80000, 0x00000000f5580000)
  object space 62976K, 87% used [0x00000000e0000000,0x00000000e35ac028,0x00000000e3d80000)
 Metaspace       used 18859K, capacity 18962K, committed 19072K, reserved 1067008K
  class space    used 2306K, capacity 2326K, committed 2432K, reserved 1048576K
Event: 28.578 GC heap after
Heap after GC invocations=23 (full 3):
 PSYoungGen      total 96768K, used 0K [0x00000000f5580000, 0x00000000fc480000, 0x0000000100000000)
  eden space 80896K, 0% used [0x00000000f5580000,0x00000000f5580000,0x00000000fa480000)
  from space 15872K, 0% used [0x00000000fb500000,0x00000000fb500000,0x00000000fc480000)
  to   space 16384K, 0% used [0x00000000fa480000,0x00000000fa480000,0x00000000fb480000)
 ParOldGen       total 83968K, used 53505K [0x00000000e0000000, 0x00000000e5200000, 0x00000000f5580000)
  object space 83968K, 63% used [0x00000000e0000000,0x00000000e3440730,0x00000000e5200000)
 Metaspace       used 18859K, capacity 18962K, committed 19072K, reserved 1067008K
  class space    used 2306K, capacity 2326K, committed 2432K, reserved 1048576K
}
Event: 28.629 GC heap before
{Heap before GC invocations=24 (full 3):
 PSYoungGen      total 96768K, used 80896K [0x00000000f5580000, 0x00000000fc480000, 0x0000000100000000)
  eden space 80896K, 100% used [0x00000000f5580000,0x00000000fa480000,0x00000000fa480000)
  from space 15872K, 0% used [0x00000000fb500000,0x00000000fb500000,0x00000000fc480000)
  to   space 16384K, 0% used [0x00000000fa480000,0x00000000fa480000,0x00000000fb480000)
 ParOldGen       total 83968K, used 53505K [0x00000000e0000000, 0x00000000e5200000, 0x00000000f5580000)
  object space 83968K, 63% used [0x00000000e0000000,0x00000000e3440730,0x00000000e5200000)
 Metaspace       used 18859K, capacity 18962K, committed 19072K, reserved 1067008K
  class space    used 2306K, capacity 2326K, committed 2432K, reserved 1048576K
Event: 28.631 GC heap after
Heap after GC invocations=24 (full 3):
 PSYoungGen      total 97280K, used 64K [0x00000000f5580000, 0x00000000fdb00000, 0x0000000100000000)
  eden space 80896K, 0% used [0x00000000f5580000,0x00000000f5580000,0x00000000fa480000)
  from space 16384K, 0% used [0x00000000fa480000,0x00000000fa490000,0x00000000fb480000)
  to   space 16896K, 0% used [0x00000000fca80000,0x00000000fca80000,0x00000000fdb00000)
 ParOldGen       total 83968K, used 53505K [0x00000000e0000000, 0x00000000e5200000, 0x00000000f5580000)
  object space 83968K, 63% used [0x00000000e0000000,0x00000000e3440730,0x00000000e5200000)
 Metaspace       used 18859K, capacity 18962K, committed 19072K, reserved 1067008K
  class space    used 2306K, capacity 2326K, committed 2432K, reserved 1048576K
}
Event: 28.675 GC heap before
{Heap before GC invocations=25 (full 3):
 PSYoungGen      total 97280K, used 80960K [0x00000000f5580000, 0x00000000fdb00000, 0x0000000100000000)
  eden space 80896K, 100% used [0x00000000f5580000,0x00000000fa480000,0x00000000fa480000)
  from space 16384K, 0% used [0x00000000fa480000,0x00000000fa490000,0x00000000fb480000)
  to   space 16896K, 0% used [0x00000000fca80000,0x00000000fca80000,0x00000000fdb00000)
 ParOldGen       total 83968K, used 53505K [0x00000000e0000000, 0x00000000e5200000, 0x00000000f5580000)
  object space 83968K, 63% used [0x00000000e0000000,0x00000000e3440730,0x00000000e5200000)
 Metaspace       used 18859K, capacity 18962K, committed 19072K, reserved 1067008K
  class space    used 2306K, capacity 2326K, committed 2432K, reserved 1048576K
Event: 28.677 GC heap after
Heap after GC invocations=25 (full 3):
 PSYoungGen      total 115712K, used 96K [0x00000000f5580000, 0x00000000fd880000, 0x0000000100000000)
  eden space 101376K, 0% used [0x00000000f5580000,0x00000000f5580000,0x00000000fb880000)
  from space 14336K, 0% used [0x00000000fca80000,0x00000000fca98000,0x00000000fd880000)
  to   space 16384K, 0% used [0x00000000fb880000,0x00000000fb880000,0x00000000fc880000)
 ParOldGen       total 83968K, used 53513K [0x00000000e0000000, 0x00000000e5200000, 0x00000000f5580000)
  object space 83968K, 63% used [0x00000000e0000000,0x00000000e3442730,0x00000000e5200000)
 Metaspace       used 18859K, capacity 18962K, committed 19072K, reserved 1067008K
  class space    used 2306K, capacity 2326K, committed 2432K, reserved 1048576K
}
Event: 35.434 GC heap before
{Heap before GC invocations=26 (full 3):
 PSYoungGen      total 115712K, used 101472K [0x00000000f5580000, 0x00000000fd880000, 0x0000000100000000)
  eden space 101376K, 100% used [0x00000000f5580000,0x00000000fb880000,0x00000000fb880000)
  from space 14336K, 0% used [0x00000000fca80000,0x00000000fca98000,0x00000000fd880000)
  to   space 16384K, 0% used [0x00000000fb880000,0x00000000fb880000,0x00000000fc880000)
 ParOldGen       total 83968K, used 53513K [0x00000000e0000000, 0x00000000e5200000, 0x00000000f5580000)
  object space 83968K, 63% used [0x00000000e0000000,0x00000000e3442730,0x00000000e5200000)
 Metaspace       used 23793K, capacity 24006K, committed 24192K, reserved 1071104K
  class space    used 2813K, capacity 2902K, committed 2944K, reserved 1048576K
Event: 35.444 GC heap after
Heap after GC invocations=26 (full 3):
 PSYoungGen      total 117760K, used 6887K [0x00000000f5580000, 0x00000000fee00000, 0x0000000100000000)
  eden space 101376K, 0% used [0x00000000f5580000,0x00000000f5580000,0x00000000fb880000)
  from space 16384K, 42% used [0x00000000fb880000,0x00000000fbf39c00,0x00000000fc880000)
  to   space 15872K, 0% used [0x00000000fde80000,0x00000000fde80000,0x00000000fee00000)
 ParOldGen       total 83968K, used 53529K [0x00000000e0000000, 0x00000000e5200000, 0x00000000f5580000)
  object space 83968K, 63% used [0x00000000e0000000,0x00000000e3446730,0x00000000e5200000)
 Metaspace       used 23793K, capacity 24006K, committed 24192K, reserved 1071104K
  class space    used 2813K, capacity 2902K, committed 2944K, reserved 1048576K
}
Event: 40.065 GC heap before
{Heap before GC invocations=27 (full 3):
 PSYoungGen      total 117760K, used 108263K [0x00000000f5580000, 0x00000000fee00000, 0x0000000100000000)
  eden space 101376K, 100% used [0x00000000f5580000,0x00000000fb880000,0x00000000fb880000)
  from space 16384K, 42% used [0x00000000fb880000,0x00000000fbf39c00,0x00000000fc880000)
  to   space 15872K, 0% used [0x00000000fde80000,0x00000000fde80000,0x00000000fee00000)
 ParOldGen       total 83968K, used 53529K [0x00000000e0000000, 0x00000000e5200000, 0x00000000f5580000)
  object space 83968K, 63% used [0x00000000e0000000,0x00000000e3446730,0x00000000e5200000)
 Metaspace       used 26402K, capacity 26562K, committed 26752K, reserved 1073152K
  class space    used 3129K, capacity 3196K, committed 3200K, reserved 1048576K
Event: 40.107 GC heap after
Heap after GC invocations=27 (full 3):
 PSYoungGen      total 137728K, used 13104K [0x00000000f5580000, 0x00000000fef80000, 0x0000000100000000)
  eden space 121856K, 0% used [0x00000000f5580000,0x00000000f5580000,0x00000000fcc80000)
  from space 15872K, 82% used [0x00000000fde80000,0x00000000feb4c310,0x00000000fee00000)
  to   space 17920K, 0% used [0x00000000fcc80000,0x00000000fcc80000,0x00000000fde00000)
 ParOldGen       total 83968K, used 57176K [0x00000000e0000000, 0x00000000e5200000, 0x00000000f5580000)
  object space 83968K, 68% used [0x00000000e0000000,0x00000000e37d6360,0x00000000e5200000)
 Metaspace       used 26402K, capacity 26562K, committed 26752K, reserved 1073152K
  class space    used 3129K, capacity 3196K, committed 3200K, reserved 1048576K
}

